[2025-07-01 20:29:42] [Usuário: admin] Login realizado com sucesso.
[2025-07-01 20:30:07] [Usuário: admin] Empresa cadastrada: recopecas
[2025-07-01 20:30:25] [Usuário: admin] Usuário cadastrado: recopecas
[2025-07-01 20:38:04] [Usuário: admin] Logout realizado.
[2025-07-01 20:39:49] [Usuário: admin] Login realizado com sucesso.
[2025-07-01 20:41:04] [Usuário: admin] Logout realizado.
[2025-07-01 20:41:08] [Usuário: admin] Login realizado com sucesso.
[2025-07-01 20:44:22] [Usuário: admin] Logout realizado.
[2025-07-01 20:44:33] [Usuário: admin] Login realizado com sucesso.
[2025-07-01 21:27:55] [Usuário: admin] Usuário cadastrado: teste
[2025-07-01 21:27:56] [Usuário: admin] Logout realizado.
[2025-07-01 21:28:00] [Usuário: teste] Login realizado com sucesso.
[2025-07-01 21:28:28] [Usuário: teste] Logout realizado.
[2025-07-01 21:29:35] [Usuário: teste] Login realizado com sucesso.
[2025-07-01 21:29:39] [Usuário: teste] Logout realizado.
[2025-07-01 21:29:48] [Usuário: admin] Login realizado com sucesso.
[2025-07-01 21:30:46] [Usuário: admin] Empresa cadastrada: xoxotex
[2025-07-01 21:31:17] [Usuário: admin] Logout realizado.
[2025-07-01 21:37:20] [Usuário: admin] Login realizado com sucesso.
[2025-07-01 21:37:29] [Usuário: admin] Logout realizado.
[2025-07-01 21:40:13] [Usuário: admin] Login realizado com sucesso.
[2025-07-01 21:44:34] [Usuário: admin] Login realizado com sucesso.
[2025-07-01 22:20:45] [Usuário: admin] Logout realizado.
[2025-07-01 22:21:35] [Usuário: admin] Login realizado com sucesso.
[2025-07-02 20:57:04] [Usuário: admin] Login realizado com sucesso.
[2025-07-02 20:58:11] [Usuário: admin] Logout realizado.
[2025-07-02 20:58:26] [Usuário: teste] Login realizado com sucesso.
[2025-07-02 20:59:08] [Usuário: teste] Logout realizado.
[2025-07-02 20:59:56] [Usuário: admin] Login realizado com sucesso.
[2025-07-02 21:01:02] [Usuário: admin] Logout realizado.
[2025-07-02 21:01:14] [Usuário: admin] Login realizado com sucesso.
[2025-07-02 21:01:30] [Usuário: admin] Empresa cadastrada: padaria
[2025-07-02 21:01:48] [Usuário: admin] Usuário cadastrado: gabriel
[2025-07-02 21:01:50] [Usuário: admin] Logout realizado.
[2025-07-02 21:01:54] [Usuário: gabriel] Login realizado com sucesso.
[2025-07-02 21:02:42] [Usuário: gabriel] Logout realizado.
[2025-07-02 21:03:43] [Usuário: admin] Login realizado com sucesso.
[2025-07-02 21:03:53] [Usuário: admin] Logout realizado.
[2025-07-02 21:04:01] [Usuário: admin] Login realizado com sucesso.
[2025-07-02 21:09:06] [Usuário: admin] Logout realizado.
[2025-07-02 21:09:13] [Usuário: admin] Login realizado com sucesso.
[2025-07-02 21:11:34] [Usuário: admin] Logout realizado.
[2025-07-02 21:11:38] [Usuário: gabriel] Login realizado com sucesso.
[2025-07-02 21:18:26] [Usuário: gabriel] Logout realizado.
[2025-07-02 21:18:43] [Usuário: gabriel] Login realizado com sucesso.
[2025-07-02 21:45:59] [Usuário: admin] Login realizado com sucesso.
[2025-07-03 02:50:00] [Usuário: admin] Login realizado com sucesso.
[2025-07-03 02:53:56] [Usuário: admin] Logout realizado.
[2025-07-03 02:54:04] [Usuário: admin] Login realizado com sucesso.
[2025-07-03 02:54:17] [Usuário: admin] Empresa cadastrada: admin
[2025-07-03 02:57:28] [Usuário: admin] Logout realizado.
[2025-07-03 02:57:31] [Usuário: admin] Login realizado com sucesso.
[2025-07-03 02:59:52] [Usuário: admin] Logout realizado.
[2025-07-03 02:59:55] [Usuário: admin] Login realizado com sucesso.
[2025-07-03 03:00:07] [Usuário: admin] Empresa cadastrada: 123
[2025-07-03 03:15:46] [Usuário: admin] Empresa cadastrada: teste
[2025-07-03 03:20:39] [Usuário: admin] Empresa cadastrada: padaria
[2025-07-03 03:23:21] [Usuário: admin] Usuário cadastrado: gabriel
[2025-07-03 03:23:27] [Usuário: admin] Usuário editado: gabriel
[2025-07-03 03:23:36] [Usuário: admin] Logout realizado.
[2025-07-03 03:23:39] [Usuário: gabriel] Login realizado com sucesso.
[2025-07-03 03:27:42] [Usuário: gabriel] Logout realizado.
[2025-07-03 03:27:44] [Usuário: admin] Login realizado com sucesso.
[2025-07-03 03:39:54] [Usuário: admin] Empresa cadastrada: padaria
[2025-07-03 03:40:11] [Usuário: admin] Usuário cadastrado: gabriel
[2025-07-03 03:40:14] [Usuário: admin] Logout realizado.
[2025-07-03 03:40:17] [Usuário: gabriel] Login realizado com sucesso.
[2025-07-03 03:52:43] [Usuário: gabriel] Logout realizado.
[2025-07-03 03:53:49] [Usuário: gabriel] Logout realizado.
[2025-07-03 03:53:52] [Usuário: admin] Login realizado com sucesso.
[2025-07-03 03:53:53] [Usuário: admin] Logout realizado.
[2025-07-03 03:53:58] [Usuário: admin] Login realizado com sucesso.
[2025-07-03 03:54:05] [Usuário: admin] Logout realizado.
[2025-07-03 09:58:01] [Usuário: admin] Login realizado com sucesso.
[2025-07-03 09:58:30] [Usuário: admin] Usuário cadastrado: filo
[2025-07-03 10:00:08] [Usuário: admin] Logout realizado.
[2025-07-03 10:00:12] [Usuário: filo] Login realizado com sucesso.
[2025-07-03 10:00:37] [Usuário: filo] Logout realizado.
[2025-07-03 10:00:46] [Usuário: admin] Login realizado com sucesso.
[2025-07-03 10:00:51] [Usuário: admin] Logout realizado.
[2025-07-03 10:02:31] [Usuário: admin] Login realizado com sucesso.
[2025-07-03 10:02:41] [Usuário: admin] Logout realizado.
[2025-07-03 10:02:44] [Usuário: admin] Login realizado com sucesso.
[2025-07-03 10:02:59] [Usuário: admin] Logout realizado.
[2025-07-03 10:03:01] [Usuário: filo] Login realizado com sucesso.
[2025-07-03 10:03:39] [Usuário: filo] Logout realizado.
[2025-07-03 10:03:53] [Usuário: admin] Login realizado com sucesso.
[2025-07-03 10:04:44] [Usuário: admin] Usuário cadastrado: admin2
[2025-07-03 10:05:06] [Usuário: admin] Empresa cadastrada: recopecassadsa
[2025-07-03 10:05:16] [Usuário: admin] Logout realizado.
[2025-07-03 10:05:19] [Usuário: filo] Login realizado com sucesso.
[2025-07-03 10:05:47] [Usuário: filo] Logout realizado.
[2025-07-03 10:07:09] [Usuário: admin] Login realizado com sucesso.
[2025-07-03 10:07:19] [Usuário: admin] Logout realizado.
[2025-07-03 10:08:18] [Usuário: admin] Login realizado com sucesso.
[2025-07-03 10:11:06] [Usuário: admin] Logout realizado.
[2025-07-03 10:11:13] [Usuário: admin] Login realizado com sucesso.
[2025-07-03 10:38:50] [Usuário: admin] Logout realizado.
[2025-07-03 10:38:58] [Usuário: admin] Login realizado com sucesso.
[2025-07-03 10:40:02] [Usuário: admin] Empresa cadastrada: paulus
[2025-07-03 10:40:17] [Usuário: admin] Usuário cadastrado: roberto
[2025-07-03 10:40:19] [Usuário: admin] Logout realizado.
[2025-07-03 10:40:23] [Usuário: roberto] Login realizado com sucesso.
[2025-07-03 10:41:21] [Usuário: roberto] Logout realizado.
[2025-07-03 10:41:24] [Usuário: admin] Login realizado com sucesso.
[2025-07-03 10:41:39] [Usuário: admin] Logout realizado.
[2025-07-03 10:41:43] [Usuário: roberto] Login realizado com sucesso.
[2025-07-03 10:41:55] [Usuário: roberto] Logout realizado.
[2025-07-03 10:44:18] [Usuário: admin] Login realizado com sucesso.
[2025-07-07 14:09:42] [Usuário: admin] Login realizado com sucesso.
[2025-07-07 14:10:33] [Usuário: admin] Logout realizado.
[2025-07-07 14:10:40] [Usuário: gabriel] Login realizado com sucesso.
[2025-07-07 14:11:11] [Usuário: gabriel] Logout realizado.
[2025-07-07 14:11:17] [Usuário: admin] Login realizado com sucesso.
[2025-07-07 14:41:51] [Usuário: admin] Login realizado com sucesso.
[2025-07-07 16:30:03] [Usuário: admin] Logout realizado.
[2025-07-07 16:32:22] [Usuário: admin] Login realizado com sucesso.
[2025-07-09 14:50:10] [Usuário: admin] Login realizado com sucesso.
[2025-07-14 11:28:05] [Usuário: admin] Login realizado com sucesso.
[2025-07-14 11:35:21] [Usuário: admin] Usuário editado: admin
[2025-07-14 11:37:53] [Usuário: admin] Logout realizado.
[2025-07-14 11:37:58] [Usuário: admin] Login realizado com sucesso.
[2025-07-14 11:38:07] [Usuário: admin] Usuário editado: admin
[2025-07-14 11:38:29] [Usuário: admin] Usuário cadastrado: gabriel
[2025-07-14 11:38:31] [Usuário: admin] Logout realizado.
[2025-07-14 11:38:45] [Usuário: admin] Login realizado com sucesso.
[2025-07-14 11:39:03] [Usuário: admin] Usuário editado: gabriel
[2025-07-14 11:39:04] [Usuário: admin] Logout realizado.
[2025-07-14 11:39:08] [Usuário: gabriel] Login realizado com sucesso.
[2025-07-14 11:39:16] [Usuário: gabriel] Logout realizado.
[2025-07-14 11:39:20] [Usuário: admin] Login realizado com sucesso.
[2025-07-14 11:40:32] [Usuário: admin] Logout realizado.
[2025-07-14 11:40:35] [Usuário: gabriel] Login realizado com sucesso.
[2025-07-14 12:03:02] [Usuário: admin] Login realizado com sucesso.
[2025-07-16 11:36:36] [Usuário: admin] Login realizado com sucesso.
[2025-07-16 11:43:35] [Usuário: admin] Logout realizado.
[2025-07-16 11:43:40] [Usuário: admin] Login realizado com sucesso.
[2025-07-16 11:44:00] [Usuário: admin] Logout realizado.
[2025-07-16 12:06:35] [Usuário: admin] Login realizado com sucesso.
[2025-07-16 13:27:17] [Usuário: admin] Logout realizado.
[2025-07-16 13:27:24] [Usuário: gabriel] Login realizado com sucesso.
[2025-07-16 13:27:29] [Usuário: gabriel] Logout realizado.
[2025-07-16 13:30:22] [Usuário: admin] Login realizado com sucesso.
[2025-07-30 17:21:35] [Usuário: admin] Login realizado com sucesso.
[2025-07-30 17:21:41] [Usuário: admin] Logout realizado.
[2025-07-30 17:21:54] [Usuário: admin] Login realizado com sucesso.
[2025-07-30 17:22:25] [Usuário: admin] Logout realizado.
[2025-07-30 17:22:30] [Usuário: admin] Login realizado com sucesso.
[2025-08-01 14:54:21] [Usuário: admin] Login realizado com sucesso.
[2025-08-01 14:55:24] [Usuário: admin] Logout realizado.
[2025-08-01 14:55:40] [Usuário: admin] Login realizado com sucesso.
[2025-08-01 14:56:15] [Usuário: admin] Usuário removido: 869ada93-6ff3-4379-ad54-72c4d9da5c21
[2025-08-01 14:56:43] [Usuário: admin] Usuário cadastrado: teste
[2025-08-01 14:57:36] [Usuário: admin] Logout realizado.
[2025-08-01 14:57:41] [Usuário: teste] Login realizado com sucesso.
[2025-08-01 14:57:48] [Usuário: teste] Logout realizado.
